<?xml version="1.0" encoding="UTF-8"?>
<testsuite xmlns:xsi="http://www.w3.org/2001/XMLSchema-instance" xsi:noNamespaceSchemaLocation="https://maven.apache.org/surefire/maven-surefire-plugin/xsd/surefire-test-report.xsd" name="br.com.thallyssonklein.controller.MetricsControllerTest" time="0.375" tests="7" errors="0" skipped="0" failures="0">
  <properties>
    <property name="sun.desktop" value="gnome"/>
    <property name="awt.toolkit" value="sun.awt.X11.XToolkit"/>
    <property name="java.specification.version" value="12"/>
    <property name="sun.jnu.encoding" value="UTF-8"/>
    <property name="java.class.path" value="/home/thallysson/Projects/TesteIlegra/target/test-classes:/home/thallysson/Projects/TesteIlegra/target/classes:/home/thallysson/.m2/repository/junit/junit/4.12/junit-4.12.jar:/home/thallysson/.m2/repository/org/hamcrest/hamcrest-core/1.3/hamcrest-core-1.3.jar:/home/thallysson/.m2/repository/org/mockito/mockito-all/1.10.19/mockito-all-1.10.19.jar:/home/thallysson/.m2/repository/org/eclipse/jetty/jetty-server/9.3.8.v20160314/jetty-server-9.3.8.v20160314.jar:/home/thallysson/.m2/repository/javax/servlet/javax.servlet-api/3.1.0/javax.servlet-api-3.1.0.jar:/home/thallysson/.m2/repository/org/eclipse/jetty/jetty-http/9.3.8.v20160314/jetty-http-9.3.8.v20160314.jar:/home/thallysson/.m2/repository/org/eclipse/jetty/jetty-util/9.3.8.v20160314/jetty-util-9.3.8.v20160314.jar:/home/thallysson/.m2/repository/org/eclipse/jetty/jetty-io/9.3.8.v20160314/jetty-io-9.3.8.v20160314.jar:/home/thallysson/.m2/repository/org/eclipse/jetty/jetty-servlet/9.3.8.v20160314/jetty-servlet-9.3.8.v20160314.jar:/home/thallysson/.m2/repository/org/eclipse/jetty/jetty-security/9.3.8.v20160314/jetty-security-9.3.8.v20160314.jar:/home/thallysson/.m2/repository/org/glassfish/jersey/containers/jersey-container-servlet/2.22.2/jersey-container-servlet-2.22.2.jar:/home/thallysson/.m2/repository/org/glassfish/jersey/containers/jersey-container-servlet-core/2.22.2/jersey-container-servlet-core-2.22.2.jar:/home/thallysson/.m2/repository/org/glassfish/hk2/external/javax.inject/2.4.0-b34/javax.inject-2.4.0-b34.jar:/home/thallysson/.m2/repository/org/glassfish/jersey/core/jersey-common/2.22.2/jersey-common-2.22.2.jar:/home/thallysson/.m2/repository/javax/annotation/javax.annotation-api/1.2/javax.annotation-api-1.2.jar:/home/thallysson/.m2/repository/org/glassfish/jersey/bundles/repackaged/jersey-guava/2.22.2/jersey-guava-2.22.2.jar:/home/thallysson/.m2/repository/org/glassfish/hk2/hk2-api/2.4.0-b34/hk2-api-2.4.0-b34.jar:/home/thallysson/.m2/repository/org/glassfish/hk2/hk2-utils/2.4.0-b34/hk2-utils-2.4.0-b34.jar:/home/thallysson/.m2/repository/org/glassfish/hk2/external/aopalliance-repackaged/2.4.0-b34/aopalliance-repackaged-2.4.0-b34.jar:/home/thallysson/.m2/repository/org/glassfish/hk2/hk2-locator/2.4.0-b34/hk2-locator-2.4.0-b34.jar:/home/thallysson/.m2/repository/org/glassfish/hk2/osgi-resource-locator/1.0.1/osgi-resource-locator-1.0.1.jar:/home/thallysson/.m2/repository/org/glassfish/jersey/core/jersey-server/2.22.2/jersey-server-2.22.2.jar:/home/thallysson/.m2/repository/org/glassfish/jersey/media/jersey-media-jaxb/2.22.2/jersey-media-jaxb-2.22.2.jar:/home/thallysson/.m2/repository/javax/validation/validation-api/1.1.0.Final/validation-api-1.1.0.Final.jar:/home/thallysson/.m2/repository/javax/ws/rs/javax.ws.rs-api/2.0.1/javax.ws.rs-api-2.0.1.jar:/home/thallysson/.m2/repository/org/glassfish/jersey/media/jersey-media-json-jackson/2.22.2/jersey-media-json-jackson-2.22.2.jar:/home/thallysson/.m2/repository/org/glassfish/jersey/ext/jersey-entity-filtering/2.22.2/jersey-entity-filtering-2.22.2.jar:/home/thallysson/.m2/repository/com/fasterxml/jackson/jaxrs/jackson-jaxrs-base/2.5.4/jackson-jaxrs-base-2.5.4.jar:/home/thallysson/.m2/repository/com/fasterxml/jackson/core/jackson-core/2.5.4/jackson-core-2.5.4.jar:/home/thallysson/.m2/repository/com/fasterxml/jackson/core/jackson-databind/2.5.4/jackson-databind-2.5.4.jar:/home/thallysson/.m2/repository/com/fasterxml/jackson/jaxrs/jackson-jaxrs-json-provider/2.5.4/jackson-jaxrs-json-provider-2.5.4.jar:/home/thallysson/.m2/repository/com/fasterxml/jackson/module/jackson-module-jaxb-annotations/2.5.4/jackson-module-jaxb-annotations-2.5.4.jar:/home/thallysson/.m2/repository/com/fasterxml/jackson/core/jackson-annotations/2.5.4/jackson-annotations-2.5.4.jar:/home/thallysson/.m2/repository/com/h2database/h2/1.4.191/h2-1.4.191.jar:/home/thallysson/.m2/repository/org/hibernate/hibernate-core/5.1.0.Final/hibernate-core-5.1.0.Final.jar:/home/thallysson/.m2/repository/org/jboss/logging/jboss-logging/3.3.0.Final/jboss-logging-3.3.0.Final.jar:/home/thallysson/.m2/repository/org/hibernate/javax/persistence/hibernate-jpa-2.1-api/1.0.0.Final/hibernate-jpa-2.1-api-1.0.0.Final.jar:/home/thallysson/.m2/repository/org/javassist/javassist/3.20.0-GA/javassist-3.20.0-GA.jar:/home/thallysson/.m2/repository/antlr/antlr/2.7.7/antlr-2.7.7.jar:/home/thallysson/.m2/repository/org/apache/geronimo/specs/geronimo-jta_1.1_spec/1.1.1/geronimo-jta_1.1_spec-1.1.1.jar:/home/thallysson/.m2/repository/org/jboss/jandex/2.0.0.Final/jandex-2.0.0.Final.jar:/home/thallysson/.m2/repository/com/fasterxml/classmate/1.3.0/classmate-1.3.0.jar:/home/thallysson/.m2/repository/dom4j/dom4j/1.6.1/dom4j-1.6.1.jar:/home/thallysson/.m2/repository/xml-apis/xml-apis/1.0.b2/xml-apis-1.0.b2.jar:/home/thallysson/.m2/repository/org/hibernate/common/hibernate-commons-annotations/5.0.1.Final/hibernate-commons-annotations-5.0.1.Final.jar:/home/thallysson/.m2/repository/org/hibernate/hibernate-entitymanager/5.1.0.Final/hibernate-entitymanager-5.1.0.Final.jar:/home/thallysson/.m2/repository/org/projectlombok/lombok/1.18.8/lombok-1.18.8.jar:/home/thallysson/.m2/repository/org/glassfish/jersey/bundles/jaxrs-ri/2.13/jaxrs-ri-2.13.jar:/home/thallysson/.m2/repository/javax/ws/rs/javax.ws.rs-api/2.0.1/javax.ws.rs-api-2.0.1-sources.jar:/home/thallysson/.m2/repository/org/glassfish/jersey/core/jersey-client/2.13/jersey-client-2.13.jar:/home/thallysson/.m2/repository/org/glassfish/jersey/core/jersey-common/2.13/jersey-common-2.13-sources.jar:/home/thallysson/.m2/repository/org/glassfish/jersey/core/jersey-client/2.13/jersey-client-2.13-sources.jar:/home/thallysson/.m2/repository/org/glassfish/jersey/core/jersey-server/2.13/jersey-server-2.13-sources.jar:/home/thallysson/.m2/repository/org/glassfish/jersey/containers/jersey-container-servlet-core/2.13/jersey-container-servlet-core-2.13-sources.jar:/home/thallysson/.m2/repository/org/glassfish/jersey/containers/jersey-container-servlet/2.13/jersey-container-servlet-2.13-sources.jar:/home/thallysson/.m2/repository/javax/xml/bind/jaxb-api/2.2.11/jaxb-api-2.2.11.jar:/home/thallysson/.m2/repository/com/sun/xml/bind/jaxb-core/2.2.11/jaxb-core-2.2.11.jar:/home/thallysson/.m2/repository/com/sun/xml/bind/jaxb-impl/2.2.11/jaxb-impl-2.2.11.jar:/home/thallysson/.m2/repository/javax/activation/activation/1.1.1/activation-1.1.1.jar:/home/thallysson/.m2/repository/com/google/code/gson/gson/2.8.5/gson-2.8.5.jar:/home/thallysson/.m2/repository/org/apache/httpcomponents/httpclient/4.5.8/httpclient-4.5.8.jar:/home/thallysson/.m2/repository/org/apache/httpcomponents/httpcore/4.4.11/httpcore-4.4.11.jar:/home/thallysson/.m2/repository/commons-logging/commons-logging/1.2/commons-logging-1.2.jar:/home/thallysson/.m2/repository/commons-codec/commons-codec/1.11/commons-codec-1.11.jar:"/>
    <property name="java.vm.vendor" value="Oracle Corporation"/>
    <property name="sun.arch.data.model" value="64"/>
    <property name="java.vendor.url" value="https://java.oracle.com/"/>
    <property name="os.name" value="Linux"/>
    <property name="java.vm.specification.version" value="12"/>
    <property name="sun.java.launcher" value="SUN_STANDARD"/>
    <property name="user.country" value="US"/>
    <property name="sun.boot.library.path" value="/usr/lib/jvm/jdk-12.0.1/lib"/>
    <property name="sun.java.command" value="/home/thallysson/Projects/TesteIlegra/target/surefire/surefirebooter13261681859825304832.jar /home/thallysson/Projects/TesteIlegra/target/surefire 2019-05-20T17-33-57_695-jvmRun1 surefire12230116936158981296tmp surefire_010768641875970051751tmp"/>
    <property name="jdk.debug" value="release"/>
    <property name="surefire.test.class.path" value="/home/thallysson/Projects/TesteIlegra/target/test-classes:/home/thallysson/Projects/TesteIlegra/target/classes:/home/thallysson/.m2/repository/junit/junit/4.12/junit-4.12.jar:/home/thallysson/.m2/repository/org/hamcrest/hamcrest-core/1.3/hamcrest-core-1.3.jar:/home/thallysson/.m2/repository/org/mockito/mockito-all/1.10.19/mockito-all-1.10.19.jar:/home/thallysson/.m2/repository/org/eclipse/jetty/jetty-server/9.3.8.v20160314/jetty-server-9.3.8.v20160314.jar:/home/thallysson/.m2/repository/javax/servlet/javax.servlet-api/3.1.0/javax.servlet-api-3.1.0.jar:/home/thallysson/.m2/repository/org/eclipse/jetty/jetty-http/9.3.8.v20160314/jetty-http-9.3.8.v20160314.jar:/home/thallysson/.m2/repository/org/eclipse/jetty/jetty-util/9.3.8.v20160314/jetty-util-9.3.8.v20160314.jar:/home/thallysson/.m2/repository/org/eclipse/jetty/jetty-io/9.3.8.v20160314/jetty-io-9.3.8.v20160314.jar:/home/thallysson/.m2/repository/org/eclipse/jetty/jetty-servlet/9.3.8.v20160314/jetty-servlet-9.3.8.v20160314.jar:/home/thallysson/.m2/repository/org/eclipse/jetty/jetty-security/9.3.8.v20160314/jetty-security-9.3.8.v20160314.jar:/home/thallysson/.m2/repository/org/glassfish/jersey/containers/jersey-container-servlet/2.22.2/jersey-container-servlet-2.22.2.jar:/home/thallysson/.m2/repository/org/glassfish/jersey/containers/jersey-container-servlet-core/2.22.2/jersey-container-servlet-core-2.22.2.jar:/home/thallysson/.m2/repository/org/glassfish/hk2/external/javax.inject/2.4.0-b34/javax.inject-2.4.0-b34.jar:/home/thallysson/.m2/repository/org/glassfish/jersey/core/jersey-common/2.22.2/jersey-common-2.22.2.jar:/home/thallysson/.m2/repository/javax/annotation/javax.annotation-api/1.2/javax.annotation-api-1.2.jar:/home/thallysson/.m2/repository/org/glassfish/jersey/bundles/repackaged/jersey-guava/2.22.2/jersey-guava-2.22.2.jar:/home/thallysson/.m2/repository/org/glassfish/hk2/hk2-api/2.4.0-b34/hk2-api-2.4.0-b34.jar:/home/thallysson/.m2/repository/org/glassfish/hk2/hk2-utils/2.4.0-b34/hk2-utils-2.4.0-b34.jar:/home/thallysson/.m2/repository/org/glassfish/hk2/external/aopalliance-repackaged/2.4.0-b34/aopalliance-repackaged-2.4.0-b34.jar:/home/thallysson/.m2/repository/org/glassfish/hk2/hk2-locator/2.4.0-b34/hk2-locator-2.4.0-b34.jar:/home/thallysson/.m2/repository/org/glassfish/hk2/osgi-resource-locator/1.0.1/osgi-resource-locator-1.0.1.jar:/home/thallysson/.m2/repository/org/glassfish/jersey/core/jersey-server/2.22.2/jersey-server-2.22.2.jar:/home/thallysson/.m2/repository/org/glassfish/jersey/media/jersey-media-jaxb/2.22.2/jersey-media-jaxb-2.22.2.jar:/home/thallysson/.m2/repository/javax/validation/validation-api/1.1.0.Final/validation-api-1.1.0.Final.jar:/home/thallysson/.m2/repository/javax/ws/rs/javax.ws.rs-api/2.0.1/javax.ws.rs-api-2.0.1.jar:/home/thallysson/.m2/repository/org/glassfish/jersey/media/jersey-media-json-jackson/2.22.2/jersey-media-json-jackson-2.22.2.jar:/home/thallysson/.m2/repository/org/glassfish/jersey/ext/jersey-entity-filtering/2.22.2/jersey-entity-filtering-2.22.2.jar:/home/thallysson/.m2/repository/com/fasterxml/jackson/jaxrs/jackson-jaxrs-base/2.5.4/jackson-jaxrs-base-2.5.4.jar:/home/thallysson/.m2/repository/com/fasterxml/jackson/core/jackson-core/2.5.4/jackson-core-2.5.4.jar:/home/thallysson/.m2/repository/com/fasterxml/jackson/core/jackson-databind/2.5.4/jackson-databind-2.5.4.jar:/home/thallysson/.m2/repository/com/fasterxml/jackson/jaxrs/jackson-jaxrs-json-provider/2.5.4/jackson-jaxrs-json-provider-2.5.4.jar:/home/thallysson/.m2/repository/com/fasterxml/jackson/module/jackson-module-jaxb-annotations/2.5.4/jackson-module-jaxb-annotations-2.5.4.jar:/home/thallysson/.m2/repository/com/fasterxml/jackson/core/jackson-annotations/2.5.4/jackson-annotations-2.5.4.jar:/home/thallysson/.m2/repository/com/h2database/h2/1.4.191/h2-1.4.191.jar:/home/thallysson/.m2/repository/org/hibernate/hibernate-core/5.1.0.Final/hibernate-core-5.1.0.Final.jar:/home/thallysson/.m2/repository/org/jboss/logging/jboss-logging/3.3.0.Final/jboss-logging-3.3.0.Final.jar:/home/thallysson/.m2/repository/org/hibernate/javax/persistence/hibernate-jpa-2.1-api/1.0.0.Final/hibernate-jpa-2.1-api-1.0.0.Final.jar:/home/thallysson/.m2/repository/org/javassist/javassist/3.20.0-GA/javassist-3.20.0-GA.jar:/home/thallysson/.m2/repository/antlr/antlr/2.7.7/antlr-2.7.7.jar:/home/thallysson/.m2/repository/org/apache/geronimo/specs/geronimo-jta_1.1_spec/1.1.1/geronimo-jta_1.1_spec-1.1.1.jar:/home/thallysson/.m2/repository/org/jboss/jandex/2.0.0.Final/jandex-2.0.0.Final.jar:/home/thallysson/.m2/repository/com/fasterxml/classmate/1.3.0/classmate-1.3.0.jar:/home/thallysson/.m2/repository/dom4j/dom4j/1.6.1/dom4j-1.6.1.jar:/home/thallysson/.m2/repository/xml-apis/xml-apis/1.0.b2/xml-apis-1.0.b2.jar:/home/thallysson/.m2/repository/org/hibernate/common/hibernate-commons-annotations/5.0.1.Final/hibernate-commons-annotations-5.0.1.Final.jar:/home/thallysson/.m2/repository/org/hibernate/hibernate-entitymanager/5.1.0.Final/hibernate-entitymanager-5.1.0.Final.jar:/home/thallysson/.m2/repository/org/projectlombok/lombok/1.18.8/lombok-1.18.8.jar:/home/thallysson/.m2/repository/org/glassfish/jersey/bundles/jaxrs-ri/2.13/jaxrs-ri-2.13.jar:/home/thallysson/.m2/repository/javax/ws/rs/javax.ws.rs-api/2.0.1/javax.ws.rs-api-2.0.1-sources.jar:/home/thallysson/.m2/repository/org/glassfish/jersey/core/jersey-client/2.13/jersey-client-2.13.jar:/home/thallysson/.m2/repository/org/glassfish/jersey/core/jersey-common/2.13/jersey-common-2.13-sources.jar:/home/thallysson/.m2/repository/org/glassfish/jersey/core/jersey-client/2.13/jersey-client-2.13-sources.jar:/home/thallysson/.m2/repository/org/glassfish/jersey/core/jersey-server/2.13/jersey-server-2.13-sources.jar:/home/thallysson/.m2/repository/org/glassfish/jersey/containers/jersey-container-servlet-core/2.13/jersey-container-servlet-core-2.13-sources.jar:/home/thallysson/.m2/repository/org/glassfish/jersey/containers/jersey-container-servlet/2.13/jersey-container-servlet-2.13-sources.jar:/home/thallysson/.m2/repository/javax/xml/bind/jaxb-api/2.2.11/jaxb-api-2.2.11.jar:/home/thallysson/.m2/repository/com/sun/xml/bind/jaxb-core/2.2.11/jaxb-core-2.2.11.jar:/home/thallysson/.m2/repository/com/sun/xml/bind/jaxb-impl/2.2.11/jaxb-impl-2.2.11.jar:/home/thallysson/.m2/repository/javax/activation/activation/1.1.1/activation-1.1.1.jar:/home/thallysson/.m2/repository/com/google/code/gson/gson/2.8.5/gson-2.8.5.jar:/home/thallysson/.m2/repository/org/apache/httpcomponents/httpclient/4.5.8/httpclient-4.5.8.jar:/home/thallysson/.m2/repository/org/apache/httpcomponents/httpcore/4.4.11/httpcore-4.4.11.jar:/home/thallysson/.m2/repository/commons-logging/commons-logging/1.2/commons-logging-1.2.jar:/home/thallysson/.m2/repository/commons-codec/commons-codec/1.11/commons-codec-1.11.jar:"/>
    <property name="sun.cpu.endian" value="little"/>
    <property name="user.home" value="/home/thallysson"/>
    <property name="user.language" value="en"/>
    <property name="java.specification.vendor" value="Oracle Corporation"/>
    <property name="java.version.date" value="2019-04-16"/>
    <property name="java.home" value="/usr/lib/jvm/jdk-12.0.1"/>
    <property name="file.separator" value="/"/>
    <property name="basedir" value="/home/thallysson/Projects/TesteIlegra"/>
    <property name="java.vm.compressedOopsMode" value="32-bit"/>
    <property name="line.separator" value="&#10;"/>
    <property name="java.specification.name" value="Java Platform API Specification"/>
    <property name="java.vm.specification.vendor" value="Oracle Corporation"/>
    <property name="java.awt.graphicsenv" value="sun.awt.X11GraphicsEnvironment"/>
    <property name="surefire.real.class.path" value="/home/thallysson/Projects/TesteIlegra/target/surefire/surefirebooter13261681859825304832.jar"/>
    <property name="sun.management.compiler" value="HotSpot 64-Bit Tiered Compilers"/>
    <property name="java.runtime.version" value="12.0.1+12"/>
    <property name="user.name" value="thallysson"/>
    <property name="path.separator" value=":"/>
    <property name="os.version" value="4.15.0-50-generic"/>
    <property name="java.runtime.name" value="Java(TM) SE Runtime Environment"/>
    <property name="file.encoding" value="UTF-8"/>
    <property name="java.vm.name" value="Java HotSpot(TM) 64-Bit Server VM"/>
    <property name="localRepository" value="/home/thallysson/.m2/repository"/>
    <property name="java.vendor.url.bug" value="https://bugreport.java.com/bugreport/"/>
    <property name="java.io.tmpdir" value="/tmp"/>
    <property name="java.version" value="12.0.1"/>
    <property name="user.dir" value="/home/thallysson/Projects/TesteIlegra"/>
    <property name="os.arch" value="amd64"/>
    <property name="java.vm.specification.name" value="Java Virtual Machine Specification"/>
    <property name="idea.version2019.1.2" value="true"/>
    <property name="java.library.path" value="/usr/java/packages/lib:/usr/lib64:/lib64:/lib:/usr/lib"/>
    <property name="java.vm.info" value="mixed mode, sharing"/>
    <property name="java.vendor" value="Oracle Corporation"/>
    <property name="java.vm.version" value="12.0.1+12"/>
    <property name="sun.io.unicode.encoding" value="UnicodeLittle"/>
    <property name="java.class.version" value="56.0"/>
  </properties>
  <testcase name="shouldMetricYear4Ok" classname="br.com.thallyssonklein.controller.MetricsControllerTest" time="0.219"/>
  <testcase name="shouldMetric1Ok" classname="br.com.thallyssonklein.controller.MetricsControllerTest" time="0.011"/>
  <testcase name="shouldMetric2Ok" classname="br.com.thallyssonklein.controller.MetricsControllerTest" time="0.019"/>
  <testcase name="shouldMetric3Ok" classname="br.com.thallyssonklein.controller.MetricsControllerTest" time="0.003"/>
  <testcase name="shouldMetric5Ok" classname="br.com.thallyssonklein.controller.MetricsControllerTest" time="0.005"/>
  <testcase name="shouldMetricDay4Ok" classname="br.com.thallyssonklein.controller.MetricsControllerTest" time="0.004"/>
  <testcase name="shouldMetricWeek4Ok" classname="br.com.thallyssonklein.controller.MetricsControllerTest" time="0.016"/>
</testsuite>